\BOOKMARK [0][-]{chapter.1}{1 Einleitung}{}% 1
\BOOKMARK [1][-]{section.1.1}{1.1 Motivation}{chapter.1}% 2
\BOOKMARK [1][-]{section.1.2}{1.2 Beispielhafte Verwendung}{chapter.1}% 3
\BOOKMARK [1][-]{section.1.3}{1.3 Ziele der Arbeit}{chapter.1}% 4
\BOOKMARK [1][-]{section.1.4}{1.4 Verwendete Programmierumgebung}{chapter.1}% 5
\BOOKMARK [0][-]{chapter.2}{2 Anforderungen}{}% 6
\BOOKMARK [1][-]{section.2.1}{2.1 Allgemein}{chapter.2}% 7
\BOOKMARK [1][-]{section.2.2}{2.2 Funktionelle Anforderungen}{chapter.2}% 8
\BOOKMARK [1][-]{section.2.3}{2.3 Technische Anforderungen}{chapter.2}% 9
\BOOKMARK [0][-]{chapter.3}{3 Grundlagen}{}% 10
\BOOKMARK [1][-]{section.3.1}{3.1 Relationale Datenbanken}{chapter.3}% 11
\BOOKMARK [1][-]{section.3.2}{3.2 Concurreny}{chapter.3}% 12
\BOOKMARK [0][-]{chapter.4}{4 Umsetzung}{}% 13
\BOOKMARK [1][-]{section.4.1}{4.1 \334berblick und Architektur}{chapter.4}% 14
\BOOKMARK [1][-]{section.4.2}{4.2 Datenbank}{chapter.4}% 15
\BOOKMARK [1][-]{section.4.3}{4.3 Skalierung}{chapter.4}% 16
\BOOKMARK [1][-]{section.4.4}{4.4 Concurrency}{chapter.4}% 17
\BOOKMARK [1][-]{section.4.5}{4.5 Verbesserungsm\366glichkeiten}{chapter.4}% 18
\BOOKMARK [0][-]{chapter.5}{5 Konklusio}{}% 19
\BOOKMARK [1][-]{section.5.1}{5.1 Verwendbarkeit der erstellten Software}{chapter.5}% 20
\BOOKMARK [1][-]{section.5.2}{5.2 Abschlussbemerkung}{chapter.5}% 21
\BOOKMARK [0][-]{chapter*.4}{References}{}% 22
